\BOOKMARK [1][-]{section.1}{\376\377\0001\000\040\000I\000n\000t\000r\000o\000d\000u\000c\000t\000i\000o\000n\000\040}{}% 1
\BOOKMARK [2][-]{subsection.1.1}{\376\377\0001\000.\0001\000\040\000C\000a\000t\000e\000g\000o\000r\000i\000e\000s\000\040\000o\000f\000\040\000C\000o\000n\000s\000e\000n\000s\000u\000s\000\040\000A\000l\000g\000o\000r\000i\000t\000h\000m}{section.1}% 2
\BOOKMARK [1][-]{section.2}{\376\377\0002\000\040\000C\000o\000n\000s\000e\000n\000s\000u\000s\000\040\000p\000r\000o\000b\000l\000e\000m\000\040\000o\000n\000\040\000G\000r\000a\000p\000h\000s\000\040\000\050\000t\000o\000d\000o\000\051}{}% 3
\BOOKMARK [2][-]{subsection.2.1}{\376\377\0002\000.\0001\000\040\000C\000o\000n\000t\000i\000n\000u\000o\000u\000s\000-\000t\000i\000m\000e\000\040\000v\000s\000.\000\040\000D\000i\000s\000c\000r\000e\000t\000e\000-\000t\000i\000m\000e\000\040\000C\000o\000n\000s\000e\000n\000s\000u\000s}{section.2}% 4
\BOOKMARK [2][-]{subsection.2.2}{\376\377\0002\000.\0002\000\040\000G\000r\000a\000p\000h\000\040\000T\000h\000e\000o\000r\000y\000\040\000a\000n\000d\000\040\000M\000a\000t\000r\000i\000x\000\040\000T\000h\000e\000o\000r\000y}{section.2}% 5
\BOOKMARK [3][-]{subsubsection.2.2.1}{\376\377\0002\000.\0002\000.\0001\000\040\000I\000r\000r\000e\000d\000u\000c\000i\000b\000i\000l\000i\000t\000y\000\040\000a\000n\000d\000\040\000S\000t\000r\000o\000n\000g\000\040\000C\000o\000n\000n\000e\000c\000t\000e\000d\000\040\000G\000r\000a\000p\000h\000.}{subsection.2.2}% 6
\BOOKMARK [3][-]{subsubsection.2.2.2}{\376\377\0002\000.\0002\000.\0002\000\040\000S\000p\000e\000c\000t\000r\000a\000l\000\040\000r\000a\000d\000i\000u\000s\000\040\000o\000f\000\040\000a\000\040\000m\000a\000t\000r\000i\000x}{subsection.2.2}% 7
\BOOKMARK [3][-]{subsubsection.2.2.3}{\376\377\0002\000.\0002\000.\0003\000\040\000D\000i\000a\000g\000o\000n\000a\000l\000i\000z\000a\000b\000l\000e\000\040\000m\000a\000t\000r\000i\000x\000\040\000\046\000\040\000S\000y\000m\000m\000e\000t\000r\000i\000c\000\040\000m\000a\000t\000r\000i\000x}{subsection.2.2}% 8
\BOOKMARK [1][-]{section.3}{\376\377\0003\000\040\000A\000s\000y\000m\000p\000t\000o\000t\000i\000c\000\040\000D\000i\000s\000t\000r\000i\000b\000u\000t\000e\000d\000\040\000C\000o\000n\000s\000e\000n\000s\000u\000s\000\040\000A\000l\000g\000o\000r\000i\000t\000h\000m}{}% 9
\BOOKMARK [2][-]{subsection.3.1}{\376\377\0003\000.\0001\000\040\000D\000i\000s\000c\000r\000e\000t\000e\000\040\000F\000i\000r\000s\000t\000\040\000O\000r\000d\000e\000r\000\040\000D\000i\000s\000t\000r\000i\000b\000u\000t\000e\000d\000\040\000C\000o\000n\000s\000e\000n\000s\000u\000s\000\040\000A\000l\000g\000o\000r\000i\000t\000h\000m}{section.3}% 10
\BOOKMARK [3][-]{subsubsection.3.1.1}{\376\377\0003\000.\0001\000.\0001\000\040\000C\000o\000n\000v\000e\000r\000g\000e\000n\000c\000e\000\040\000C\000o\000n\000d\000i\000t\000i\000o\000n\000s}{subsection.3.1}% 11
\BOOKMARK [3][-]{subsubsection.3.1.2}{\376\377\0003\000.\0001\000.\0002\000\040\000F\000i\000n\000d\000\040\000C\000o\000n\000v\000e\000r\000g\000e\000n\000t\000\040\000W\000e\000i\000g\000h\000t\000\040\000M\000a\000t\000r\000i\000x\000\040\000f\000o\000r\000\040\000F\000i\000r\000s\000t\000\040\000O\000r\000d\000e\000r\000\040\000D\000A\000C}{subsection.3.1}% 12
\BOOKMARK [2][-]{subsection.3.2}{\376\377\0003\000.\0002\000\040\000D\000i\000s\000c\000r\000e\000t\000e\000\040\000H\000i\000g\000h\000\040\000O\000r\000d\000e\000r\000\040\000D\000i\000s\000t\000r\000i\000b\000u\000t\000e\000d\000\040\000C\000o\000n\000s\000e\000n\000s\000u\000s\000\040\000A\000l\000g\000o\000r\000i\000t\000h\000m\000\040}{section.3}% 13
\BOOKMARK [3][-]{subsubsection.3.2.1}{\376\377\0003\000.\0002\000.\0001\000\040\000C\000o\000n\000v\000e\000r\000g\000e\000n\000c\000e\000\040\000R\000a\000t\000e\000\040\000M\000a\000x\000i\000m\000i\000z\000a\000t\000i\000o\000n\000\040\000P\000r\000o\000b\000l\000e\000m\000\040\000F\000o\000r\000\040\000H\000O\000-\000D\000A\000C}{subsection.3.2}% 14
\BOOKMARK [3][-]{subsubsection.3.2.2}{\376\377\0003\000.\0002\000.\0002\000\040\000S\000o\000l\000v\000e\000\040\000T\000h\000e\000\040\000P\000r\000o\000b\000l\000e\000m\000:\000\040\000C\000o\000n\000v\000e\000r\000g\000e\000n\000c\000e\000\040\000r\000a\000t\000e\000\040\000m\000a\000x\000i\000m\000i\000z\000a\000t\000i\000o\000n}{subsection.3.2}% 15
\BOOKMARK [2][-]{subsection.3.3}{\376\377\0003\000.\0003\000\040\000S\000i\000m\000u\000l\000a\000t\000i\000o\000n\000\040\000a\000n\000d\000\040\000A\000l\000g\000o\000r\000i\000t\000h\000m\000s\000\040\000P\000e\000r\000f\000o\000r\000m\000a\000n\000c\000e\000\040}{section.3}% 16
\BOOKMARK [3][-]{subsubsection.3.3.1}{\376\377\0003\000.\0003\000.\0001\000\040\000R\000a\000n\000d\000o\000m\000\040\000N\000e\000t\000w\000o\000r\000k\000\040\000G\000e\000n\000e\000r\000a\000t\000i\000o\000n}{subsection.3.3}% 17
\BOOKMARK [3][-]{subsubsection.3.3.2}{\376\377\0003\000.\0003\000.\0002\000\040\000P\000e\000r\000f\000o\000r\000m\000a\000n\000c\000e\000\040\000C\000o\000m\000p\000a\000r\000i\000s\000o\000n\000\040\000f\000o\000r\000\040\000A\000s\000y\000m\000p\000t\000o\000t\000i\000c\000\040\000D\000A\000C}{subsection.3.3}% 18
\BOOKMARK [1][-]{section.4}{\376\377\0004\000\040\000F\000i\000n\000i\000t\000e\000-\000T\000i\000m\000e\000\040\000D\000i\000s\000t\000r\000i\000b\000u\000t\000e\000d\000\040\000C\000o\000n\000s\000e\000n\000s\000u\000s\000\040\000A\000l\000g\000o\000r\000i\000t\000h\000m}{}% 19
\BOOKMARK [2][-]{subsection.4.1}{\376\377\0004\000.\0001\000\040\000L\000o\000c\000a\000l\000\040\000V\000a\000l\000u\000e\000\040\000D\000e\000c\000o\000m\000p\000o\000s\000i\000t\000i\000o\000n\000\040\000\050\000O\000K\000\040\0003\000\051}{section.4}% 20
\BOOKMARK [2][-]{subsection.4.2}{\376\377\0004\000.\0002\000\040\000F\000i\000n\000d\000\040\000t\000h\000e\000\040\000C\000o\000n\000s\000e\000n\000s\000u\000s\000\040\000V\000a\000l\000u\000e\000\040\000b\000y\000\040\000L\000i\000n\000e\000a\000r\000\040\000F\000i\000l\000t\000e\000r}{section.4}% 21
\BOOKMARK [3][-]{subsubsection.4.2.1}{\376\377\0004\000.\0002\000.\0001\000\040\000I\000n\000v\000e\000r\000s\000e\000\040\000t\000h\000e\000\040\000V\000a\000n\000d\000e\000r\000m\000o\000n\000d\000e\000\040\000m\000a\000t\000r\000i\000x}{subsection.4.2}% 22
\BOOKMARK [3][-]{subsubsection.4.2.2}{\376\377\0004\000.\0002\000.\0002\000\040\000N\000u\000m\000e\000r\000i\000c\000a\000l\000\040\000S\000i\000m\000u\000l\000a\000t\000i\000o\000n}{subsection.4.2}% 23
\BOOKMARK [2][-]{subsection.4.3}{\376\377\0004\000.\0003\000\040\000G\000e\000n\000e\000r\000a\000l\000i\000z\000e\000d\000\040\000F\000T\000-\000D\000A\000C\000:\000\040\000U\000n\000k\000n\000o\000w\000n\000\040\000N\000e\000t\000w\000o\000r\000k\000\040\000T\000o\000p\000o\000l\000o\000g\000y\000\040\000\050\000t\000o\000d\000o\000\051}{section.4}% 24
\BOOKMARK [3][-]{subsubsection.4.3.1}{\376\377\0004\000.\0003\000.\0001\000\040\000L\000i\000n\000e\000a\000r\000\040\000P\000r\000e\000d\000i\000c\000t\000o\000r\000\040\000F\000o\000r\000\040\000L\000o\000c\000a\000l\000\040\000V\000a\000l\000u\000e\000\040\000\050\000t\000o\000d\000o\000\040\000c\000h\000e\000c\000k\000\040\0000\000\051}{subsection.4.3}% 25
\BOOKMARK [3][-]{subsubsection.4.3.2}{\376\377\0004\000.\0003\000.\0002\000\040\000T\000h\000e\000\040\000C\000o\000n\000s\000e\000n\000s\000u\000s\000\040\000F\000i\000n\000d\000i\000n\000g\000\040\000F\000i\000l\000t\000e\000r\000\040\000a\000n\000d\000\040\000T\000h\000e\000\040\000R\000e\000l\000a\000t\000i\000o\000n\000s\000h\000i\000p\000\040\000w\000i\000t\000h\000\040\000L\000i\000n\000e\000a\000r\000\040\000P\000r\000e\000d\000i\000c\000t\000o\000r\000\040\000\050\000t\000o\000d\000o\000\040\000c\000h\000e\000c\000k\000\051}{subsection.4.3}% 26
\BOOKMARK [3][-]{subsubsection.4.3.3}{\376\377\0004\000.\0003\000.\0003\000\040\000F\000i\000n\000i\000t\000e\000-\000t\000i\000m\000e\000\040\000C\000o\000n\000s\000e\000n\000s\000u\000s\000\040\000o\000n\000\040\000g\000e\000n\000e\000r\000a\000l\000i\000z\000e\000d\000\040\000c\000o\000n\000d\000i\000t\000i\000o\000n}{subsection.4.3}% 27
\BOOKMARK [1][-]{section.5}{\376\377\0005\000\040\000C\000o\000n\000s\000e\000n\000s\000u\000s\000\040\000B\000a\000s\000e\000d\000\040\000S\000i\000g\000n\000a\000l\000\040\000P\000r\000o\000c\000e\000s\000s\000i\000n\000g}{}% 28
\BOOKMARK [2][-]{subsection.5.1}{\376\377\0005\000.\0001\000\040\000C\000o\000n\000s\000e\000n\000s\000u\000s\000\040\000B\000a\000s\000e\000d\000\040\000N\000e\000t\000w\000o\000r\000k\000\040\000I\000n\000f\000o\000r\000m\000a\000t\000i\000o\000n\000\040\000F\000l\000o\000o\000d\000i\000n\000g\000\050\000t\000o\000d\000o\000\040\000c\000h\000e\000c\000k\000\051}{section.5}% 29
\BOOKMARK [2][-]{subsection.5.2}{\376\377\0005\000.\0002\000\040\000C\000o\000n\000s\000e\000n\000s\000u\000s\000\040\000B\000a\000s\000e\000d\000\040\000D\000e\000c\000e\000n\000t\000r\000a\000l\000i\000z\000e\000d\000\040\000E\000i\000g\000e\000n\000v\000a\000l\000u\000e\000s\000\040\000E\000s\000t\000i\000m\000a\000t\000i\000o\000n\000\050\000t\000o\000d\000o\000\051}{section.5}% 30
\BOOKMARK [2][-]{subsection.5.3}{\376\377\0005\000.\0003\000\040\000C\000o\000n\000s\000e\000n\000s\000u\000s\000\040\000b\000a\000s\000e\000d\000\040\000D\000a\000t\000a\000\040\000F\000u\000s\000i\000o\000n\000\040\000a\000n\000d\000\040\000D\000e\000c\000i\000s\000i\000o\000n\000\040\000M\000a\000k\000i\000n\000g}{section.5}% 31
\BOOKMARK [1][-]{section.6}{\376\377\0006\000\040\000D\000i\000s\000t\000r\000i\000b\000u\000t\000e\000d\000\040\000D\000e\000t\000e\000c\000t\000i\000o\000n\000\040\000o\000f\000\040\000C\000l\000o\000u\000d}{}% 32
\BOOKMARK [2][-]{subsection.6.1}{\376\377\0006\000.\0001\000\040\000I\000n\000t\000r\000o\000d\000u\000c\000t\000i\000o\000n\000\040}{section.6}% 33
\BOOKMARK [2][-]{subsection.6.2}{\376\377\0006\000.\0002\000\040\000B\000a\000c\000k\000g\000r\000o\000u\000n\000d\000\040\000a\000n\000d\000\040\000S\000y\000s\000t\000e\000m\000\040\000m\000o\000d\000e\000l\000\040}{section.6}% 34
\BOOKMARK [3][-]{subsubsection.6.2.1}{\376\377\0006\000.\0002\000.\0001\000\040\000C\000l\000o\000u\000d\000\040\000D\000e\000t\000e\000c\000t\000i\000o\000n\000\040\000S\000c\000e\000n\000a\000r\000i\000o}{subsection.6.2}% 35
\BOOKMARK [3][-]{subsubsection.6.2.2}{\376\377\0006\000.\0002\000.\0002\000\040\000D\000i\000f\000f\000u\000s\000i\000v\000e\000\040\000C\000l\000o\000u\000d\000\040\000M\000o\000d\000e\000l}{subsection.6.2}% 36
\BOOKMARK [3][-]{subsubsection.6.2.3}{\376\377\0006\000.\0002\000.\0003\000\040\000R\000e\000c\000e\000i\000v\000e\000d\000\040\000S\000i\000g\000n\000a\000l\000\040\000M\000o\000d\000e\000l\000\040}{subsection.6.2}% 37
\BOOKMARK [2][-]{subsection.6.3}{\376\377\0006\000.\0003\000\040\000D\000i\000s\000t\000r\000i\000b\000u\000t\000e\000d\000\040\000C\000l\000o\000u\000d\000\040\000D\000e\000t\000e\000c\000t\000i\000o\000n\000\040\000B\000a\000s\000e\000d\000\040\000o\000n\000\040\000D\000A\000C\000\040\000a\000l\000g\000o\000r\000i\000t\000h\000m}{section.6}% 38
\BOOKMARK [2][-]{subsection.6.4}{\376\377\0006\000.\0004\000\040\000S\000i\000m\000u\000l\000a\000t\000i\000o\000n}{section.6}% 39
\BOOKMARK [3][-]{subsubsection.6.4.1}{\376\377\0006\000.\0004\000.\0001\000\040\000S\000e\000n\000s\000o\000r\000'\000s\000\040\000O\000b\000s\000e\000r\000v\000a\000t\000i\000o\000n\000\040}{subsection.6.4}% 40
\BOOKMARK [3][-]{subsubsection.6.4.2}{\376\377\0006\000.\0004\000.\0002\000\040\000P\000e\000r\000f\000o\000r\000m\000a\000n\000c\000e\000\040\000o\000f\000\040\000C\000l\000o\000u\000d\000\040\000D\000e\000t\000e\000c\000t\000i\000o\000n\000\040\000S\000e\000n\000s\000o\000r\000\040\000N\000e\000t\000w\000o\000r\000k}{subsection.6.4}% 41
\BOOKMARK [2][-]{subsection.6.5}{\376\377\0006\000.\0005\000\040\000C\000o\000n\000c\000l\000u\000s\000i\000o\000n}{section.6}% 42
\BOOKMARK [2][-]{subsection.6.6}{\376\377\0006\000.\0006\000\040\000F\000u\000r\000t\000h\000e\000r\000\040\000R\000e\000s\000e\000a\000r\000c\000h}{section.6}% 43
\BOOKMARK [1][-]{section.7}{\376\377\0007\000\040\000C\000o\000n\000c\000l\000u\000s\000i\000o\000n}{}% 44
\BOOKMARK [1][-]{section.8}{\376\377\0008\000\040\000A\000c\000k\000n\000o\000w\000l\000e\000d\000g\000m\000e\000n\000t}{}% 45
