This is pdfTeX, Version 3.1415926-2.4-1.40.13 (MiKTeX 2.9) (preloaded format=pdflatex 2012.11.23)  14 DEC 2012 16:26
entering extended mode
**Outline_V4.3.tex
(D:\MPhil_Thesis_Vctrl\Outline_V4.3.tex
LaTeX2e <2011/06/27>
Babel <v3.8m> and hyphenation patterns for english, afrikaans, ancientgreek, ar
abic, armenian, assamese, basque, bengali, bokmal, bulgarian, catalan, coptic, 
croatian, czech, danish, dutch, esperanto, estonian, farsi, finnish, french, ga
lician, german, german-x-2012-05-30, greek, gujarati, hindi, hungarian, iceland
ic, indonesian, interlingua, irish, italian, kannada, kurmanji, latin, latvian,
 lithuanian, malayalam, marathi, mongolian, mongolianlmc, monogreek, ngerman, n
german-x-2012-05-30, nynorsk, oriya, panjabi, pinyin, polish, portuguese, roman
ian, russian, sanskrit, serbian, slovak, slovenian, spanish, swedish, swissgerm
an, tamil, telugu, turkish, turkmen, ukenglish, ukrainian, uppersorbian, usengl
ishmax, welsh, loaded.
("d:\Program Files\MiKTeX 2.9\tex\latex\base\book.cls"
Document Class: book 2007/10/19 v1.4h Standard LaTeX document class
("d:\Program Files\MiKTeX 2.9\tex\latex\base\bk12.clo"
File: bk12.clo 2007/10/19 v1.4h Standard LaTeX file (size option)
)
\c@part=\count79
\c@chapter=\count80
\c@section=\count81
\c@subsection=\count82
\c@subsubsection=\count83
\c@paragraph=\count84
\c@subparagraph=\count85
\c@figure=\count86
\c@table=\count87
\abovecaptionskip=\skip41
\belowcaptionskip=\skip42
\bibindent=\dimen102
)
("d:\Program Files\MiKTeX 2.9\tex\latex\base\fontenc.sty"
Package: fontenc 2005/09/27 v1.99g Standard LaTeX package

("d:\Program Files\MiKTeX 2.9\tex\latex\base\t1enc.def"
File: t1enc.def 2005/09/27 v1.99g Standard LaTeX file
LaTeX Font Info:    Redeclaring font encoding T1 on input line 43.
))
("d:\Program Files\MiKTeX 2.9\tex\latex\geometry\geometry.sty"
Package: geometry 2010/09/12 v5.6 Page Geometry

("d:\Program Files\MiKTeX 2.9\tex\latex\graphics\keyval.sty"
Package: keyval 1999/03/16 v1.13 key=value parser (DPC)
\KV@toks@=\toks14
)
("d:\Program Files\MiKTeX 2.9\tex\generic\oberdiek\ifpdf.sty"
Package: ifpdf 2011/01/30 v2.3 Provides the ifpdf switch (HO)
Package ifpdf Info: pdfTeX in PDF mode is detected.
)
("d:\Program Files\MiKTeX 2.9\tex\generic\oberdiek\ifvtex.sty"
Package: ifvtex 2010/03/01 v1.5 Detect VTeX and its facilities (HO)
Package ifvtex Info: VTeX not detected.
)
("d:\Program Files\MiKTeX 2.9\tex\generic\ifxetex\ifxetex.sty"
Package: ifxetex 2010/09/12 v0.6 Provides ifxetex conditional
)
\Gm@cnth=\count88
\Gm@cntv=\count89
\c@Gm@tempcnt=\count90
\Gm@bindingoffset=\dimen103
\Gm@wd@mp=\dimen104
\Gm@odd@mp=\dimen105
\Gm@even@mp=\dimen106
\Gm@layoutwidth=\dimen107
\Gm@layoutheight=\dimen108
\Gm@layouthoffset=\dimen109
\Gm@layoutvoffset=\dimen110
\Gm@dimlist=\toks15

("d:\Program Files\MiKTeX 2.9\tex\latex\geometry\geometry.cfg"))
("d:\Program Files\MiKTeX 2.9\tex\latex\prettyref\prettyref.sty"
Package: prettyref 1998/07/09 v3.0
)
("d:\Program Files\MiKTeX 2.9\tex\latex\refstyle\refstyle.sty"
Package: refstyle 2010/11/02 v0.5 Reference formatting (DNJ Els)
Package refstyle Info: Config file refstyle.cfg used on input line 322.

("d:\Program Files\MiKTeX 2.9\tex\latex\refstyle\refstyle.cfg"
File: refstyle.cfg 2010/11/02 0.5 Configuration file for refstyle (DNJ Els)
Package refstyle Info: New reference template \newref{part} on input line 468.
Package refstyle Info: \partkey created on input line 468.
Package refstyle Info: \partlabel created on input line 468.
Package refstyle Info: \partref created on input line 468.
Package refstyle Info: \Partref created on input line 468.
Package refstyle Info: \partrangeref created on input line 468.
Package refstyle Info: \Partrangeref created on input line 468.
Package refstyle Info: \partpageref created on input line 468.
Package refstyle Info: New reference template \newref{chap} on input line 501.
Package refstyle Info: \chapkey created on input line 501.
Package refstyle Info: \chaplabel created on input line 501.
Package refstyle Info: \chapref created on input line 501.
Package refstyle Info: \Chapref created on input line 501.
Package refstyle Info: \chaprangeref created on input line 501.
Package refstyle Info: \Chaprangeref created on input line 501.
Package refstyle Info: \chappageref created on input line 501.
Package refstyle Info: New reference template \newref{sec} on input line 511.
Package refstyle Info: \seckey created on input line 511.
Package refstyle Info: \seclabel created on input line 511.
Package refstyle Info: \secref created on input line 511.
Package refstyle Info: \Secref created on input line 511.
Package refstyle Info: \secrangeref created on input line 511.
Package refstyle Info: \Secrangeref created on input line 511.
Package refstyle Info: \secpageref created on input line 511.
Package refstyle Info: New reference template \newref{eq} on input line 526.
Package refstyle Info: \eqkey created on input line 526.
Package refstyle Info: \eqlabel created on input line 526.
Package refstyle Info: \eqref created on input line 526.
Package refstyle Info: \Eqref created on input line 526.
Package refstyle Info: \eqrangeref created on input line 526.
Package refstyle Info: \Eqrangeref created on input line 526.
Package refstyle Info: \eqpageref created on input line 526.
Package refstyle Info: New reference template \newref{fig} on input line 544.
Package refstyle Info: \figkey created on input line 544.
Package refstyle Info: \figlabel created on input line 544.
Package refstyle Info: \figref created on input line 544.
Package refstyle Info: \Figref created on input line 544.
Package refstyle Info: \figrangeref created on input line 544.
Package refstyle Info: \Figrangeref created on input line 544.
Package refstyle Info: \figpageref created on input line 544.
Package refstyle Info: New reference template \newref{tab} on input line 553.
Package refstyle Info: \tabkey created on input line 553.
Package refstyle Info: \tablabel created on input line 553.
Package refstyle Info: \tabref created on input line 553.
Package refstyle Info: \Tabref created on input line 553.
Package refstyle Info: \tabrangeref created on input line 553.
Package refstyle Info: \Tabrangeref created on input line 553.
Package refstyle Info: \tabpageref created on input line 553.
Package refstyle Info: New reference template \newref{fn} on input line 568.
Package refstyle Info: \fnkey created on input line 568.
Package refstyle Info: \fnlabel created on input line 568.
Package refstyle Info: \fnref created on input line 568.
Package refstyle Info: \Fnref created on input line 568.
Package refstyle Info: \fnrangeref created on input line 568.
Package refstyle Info: \Fnrangeref created on input line 568.
Package refstyle Info: \fnpageref created on input line 568.
))
("d:\Program Files\MiKTeX 2.9\tex\latex\float\float.sty"
Package: float 2001/11/08 v1.3d Float enhancements (AL)
\c@float@type=\count91
\float@exts=\toks16
\float@box=\box26
\@float@everytoks=\toks17
\@floatcapt=\box27
)
("d:\Program Files\MiKTeX 2.9\tex\latex\enumitem\enumitem.sty"
Package: enumitem 2011/09/28 v3.5.2 Customized lists
\labelindent=\skip43
\enit@outerparindent=\dimen111
\enit@toks=\toks18
\enit@inbox=\box28
\enitdp@description=\count92
)
("d:\Program Files\MiKTeX 2.9\tex\latex\ams\classes\amsthm.sty"
Package: amsthm 2004/08/06 v2.20
\thm@style=\toks19
\thm@bodyfont=\toks20
\thm@headfont=\toks21
\thm@notefont=\toks22
\thm@headpunct=\toks23
\thm@preskip=\skip44
\thm@postskip=\skip45
\thm@headsep=\skip46
\dth@everypar=\toks24
)
("d:\Program Files\MiKTeX 2.9\tex\latex\ams\math\amsmath.sty"
Package: amsmath 2000/07/18 v2.13 AMS math features
\@mathmargin=\skip47

For additional information on amsmath, use the `?' option.
("d:\Program Files\MiKTeX 2.9\tex\latex\ams\math\amstext.sty"
Package: amstext 2000/06/29 v2.01

("d:\Program Files\MiKTeX 2.9\tex\latex\ams\math\amsgen.sty"
File: amsgen.sty 1999/11/30 v2.0
\@emptytoks=\toks25
\ex@=\dimen112
))
("d:\Program Files\MiKTeX 2.9\tex\latex\ams\math\amsbsy.sty"
Package: amsbsy 1999/11/29 v1.2d
\pmbraise@=\dimen113
)
("d:\Program Files\MiKTeX 2.9\tex\latex\ams\math\amsopn.sty"
Package: amsopn 1999/12/14 v2.01 operator names
)
\inf@bad=\count93
LaTeX Info: Redefining \frac on input line 211.
\uproot@=\count94
\leftroot@=\count95
LaTeX Info: Redefining \overline on input line 307.
\classnum@=\count96
\DOTSCASE@=\count97
LaTeX Info: Redefining \ldots on input line 379.
LaTeX Info: Redefining \dots on input line 382.
LaTeX Info: Redefining \cdots on input line 467.
\Mathstrutbox@=\box29
\strutbox@=\box30
\big@size=\dimen114
LaTeX Font Info:    Redeclaring font encoding OML on input line 567.
LaTeX Font Info:    Redeclaring font encoding OMS on input line 568.
\macc@depth=\count98
\c@MaxMatrixCols=\count99
\dotsspace@=\muskip10
\c@parentequation=\count100
\dspbrk@lvl=\count101
\tag@help=\toks26
\row@=\count102
\column@=\count103
\maxfields@=\count104
\andhelp@=\toks27
\eqnshift@=\dimen115
\alignsep@=\dimen116
\tagshift@=\dimen117
\tagwidth@=\dimen118
\totwidth@=\dimen119
\lineht@=\dimen120
\@envbody=\toks28
\multlinegap=\skip48
\multlinetaggap=\skip49
\mathdisplay@stack=\toks29
LaTeX Info: Redefining \[ on input line 2666.
LaTeX Info: Redefining \] on input line 2667.
)
("d:\Program Files\MiKTeX 2.9\tex\latex\amsfonts\amssymb.sty"
Package: amssymb 2009/06/22 v3.00

("d:\Program Files\MiKTeX 2.9\tex\latex\amsfonts\amsfonts.sty"
Package: amsfonts 2009/06/22 v3.00 Basic AMSFonts support
\symAMSa=\mathgroup4
\symAMSb=\mathgroup5
LaTeX Font Info:    Overwriting math alphabet `\mathfrak' in version `bold'
(Font)                  U/euf/m/n --> U/euf/b/n on input line 96.
))
("d:\Program Files\MiKTeX 2.9\tex\latex\graphics\graphicx.sty"
Package: graphicx 1999/02/16 v1.0f Enhanced LaTeX Graphics (DPC,SPQR)

("d:\Program Files\MiKTeX 2.9\tex\latex\graphics\graphics.sty"
Package: graphics 2009/02/05 v1.0o Standard LaTeX Graphics (DPC,SPQR)

("d:\Program Files\MiKTeX 2.9\tex\latex\graphics\trig.sty"
Package: trig 1999/03/16 v1.09 sin cos tan (DPC)
)
("d:\Program Files\MiKTeX 2.9\tex\latex\00miktex\graphics.cfg"
File: graphics.cfg 2007/01/18 v1.5 graphics configuration of teTeX/TeXLive
)
Package graphics Info: Driver file: pdftex.def on input line 91.

("d:\Program Files\MiKTeX 2.9\tex\latex\pdftex-def\pdftex.def"
File: pdftex.def 2011/05/27 v0.06d Graphics/color for pdfTeX

("d:\Program Files\MiKTeX 2.9\tex\generic\oberdiek\infwarerr.sty"
Package: infwarerr 2010/04/08 v1.3 Providing info/warning/error messages (HO)
)
("d:\Program Files\MiKTeX 2.9\tex\generic\oberdiek\ltxcmds.sty"
Package: ltxcmds 2011/11/09 v1.22 LaTeX kernel commands for general use (HO)
)
\Gread@gobject=\count105
))
\Gin@req@height=\dimen121
\Gin@req@width=\dimen122
)
("d:\Program Files\MiKTeX 2.9\tex\latex\setspace\setspace.sty"
Package: setspace 2011/12/19 v6.7a set line spacing
)
("d:\Program Files\MiKTeX 2.9\tex\latex\esint\esint.sty"
Package: esint 
\symlargesymbolsA=\mathgroup6
)
("d:\Program Files\MiKTeX 2.9\tex\latex\hyperref\hyperref.sty"
Package: hyperref 2012/11/06 v6.83m Hypertext links for LaTeX

("d:\Program Files\MiKTeX 2.9\tex\generic\oberdiek\hobsub-hyperref.sty"
Package: hobsub-hyperref 2012/04/25 v1.12 Bundle oberdiek, subset hyperref (HO)


("d:\Program Files\MiKTeX 2.9\tex\generic\oberdiek\hobsub-generic.sty"
Package: hobsub-generic 2012/04/25 v1.12 Bundle oberdiek, subset generic (HO)
Package: hobsub 2012/04/25 v1.12 Construct package bundles (HO)
Package hobsub Info: Skipping package `infwarerr' (already loaded).
Package hobsub Info: Skipping package `ltxcmds' (already loaded).
Package: ifluatex 2010/03/01 v1.3 Provides the ifluatex switch (HO)
Package ifluatex Info: LuaTeX not detected.
Package hobsub Info: Skipping package `ifvtex' (already loaded).
Package: intcalc 2007/09/27 v1.1 Expandable calculations with integers (HO)
Package hobsub Info: Skipping package `ifpdf' (already loaded).
Package: etexcmds 2011/02/16 v1.5 Avoid name clashes with e-TeX commands (HO)
Package etexcmds Info: Could not find \expanded.
(etexcmds)             That can mean that you are not using pdfTeX 1.50 or
(etexcmds)             that some package has redefined \expanded.
(etexcmds)             In the latter case, load this package earlier.
Package: kvsetkeys 2012/04/25 v1.16 Key value parser (HO)
Package: kvdefinekeys 2011/04/07 v1.3 Define keys (HO)
Package: pdftexcmds 2011/11/29 v0.20 Utility functions of pdfTeX for LuaTeX (HO
)
Package pdftexcmds Info: LuaTeX not detected.
Package pdftexcmds Info: \pdf@primitive is available.
Package pdftexcmds Info: \pdf@ifprimitive is available.
Package pdftexcmds Info: \pdfdraftmode found.
Package: pdfescape 2011/11/25 v1.13 Implements pdfTeX's escape features (HO)
Package: bigintcalc 2012/04/08 v1.3 Expandable calculations on big integers (HO
)
Package: bitset 2011/01/30 v1.1 Handle bit-vector datatype (HO)
Package: uniquecounter 2011/01/30 v1.2 Provide unlimited unique counter (HO)
)
Package hobsub Info: Skipping package `hobsub' (already loaded).
Package: letltxmacro 2010/09/02 v1.4 Let assignment for LaTeX macros (HO)
Package: hopatch 2011/06/24 v1.1 Wrapper for package hooks (HO)
Package: xcolor-patch 2011/01/30 xcolor patch
Package: atveryend 2011/06/30 v1.8 Hooks at the very end of document (HO)
Package atveryend Info: \enddocument detected (standard20110627).
Package: atbegshi 2011/10/05 v1.16 At begin shipout hook (HO)
Package: refcount 2011/10/16 v3.4 Data extraction from label references (HO)
Package: hycolor 2011/01/30 v1.7 Color options for hyperref/bookmark (HO)
)
("d:\Program Files\MiKTeX 2.9\tex\latex\oberdiek\auxhook.sty"
Package: auxhook 2011/03/04 v1.3 Hooks for auxiliary files (HO)
)
("d:\Program Files\MiKTeX 2.9\tex\latex\oberdiek\kvoptions.sty"
Package: kvoptions 2011/06/30 v3.11 Key value format for package options (HO)
)
\@linkdim=\dimen123
\Hy@linkcounter=\count106
\Hy@pagecounter=\count107

("d:\Program Files\MiKTeX 2.9\tex\latex\hyperref\pd1enc.def"
File: pd1enc.def 2012/11/06 v6.83m Hyperref: PDFDocEncoding definition (HO)
)
\Hy@SavedSpaceFactor=\count108

("d:\Program Files\MiKTeX 2.9\tex\latex\00miktex\hyperref.cfg"
File: hyperref.cfg 2002/06/06 v1.2 hyperref configuration of TeXLive
)
Package hyperref Info: Option `unicode' set `true' on input line 4319.

("d:\Program Files\MiKTeX 2.9\tex\latex\hyperref\puenc.def"
File: puenc.def 2012/11/06 v6.83m Hyperref: PDF Unicode definition (HO)
)
Package hyperref Info: Option `pdfusetitle' set `true' on input line 4319.
Package hyperref Info: Option `bookmarks' set `true' on input line 4319.
Package hyperref Info: Option `bookmarksnumbered' set `true' on input line 4319
.
Package hyperref Info: Option `bookmarksopen' set `false' on input line 4319.
Package hyperref Info: Option `breaklinks' set `false' on input line 4319.
Package hyperref Info: Option `colorlinks' set `false' on input line 4319.
Package hyperref Info: Hyper figures OFF on input line 4443.
Package hyperref Info: Link nesting OFF on input line 4448.
Package hyperref Info: Hyper index ON on input line 4451.
Package hyperref Info: Plain pages OFF on input line 4458.
Package hyperref Info: Backreferencing OFF on input line 4463.
Package hyperref Info: Implicit mode ON; LaTeX internals redefined.
Package hyperref Info: Bookmarks ON on input line 4688.
\c@Hy@tempcnt=\count109

("d:\Program Files\MiKTeX 2.9\tex\latex\ltxmisc\url.sty"
\Urlmuskip=\muskip11
Package: url 2006/04/12  ver 3.3  Verb mode for urls, etc.
)
LaTeX Info: Redefining \url on input line 5041.
\XeTeXLinkMargin=\dimen124
\Fld@menulength=\count110
\Field@Width=\dimen125
\Fld@charsize=\dimen126
Package hyperref Info: Hyper figures OFF on input line 6295.
Package hyperref Info: Link nesting OFF on input line 6300.
Package hyperref Info: Hyper index ON on input line 6303.
Package hyperref Info: backreferencing OFF on input line 6310.
Package hyperref Info: Link coloring OFF on input line 6315.
Package hyperref Info: Link coloring with OCG OFF on input line 6320.
Package hyperref Info: PDF/A mode OFF on input line 6325.
LaTeX Info: Redefining \ref on input line 6365.
LaTeX Info: Redefining \pageref on input line 6369.
\Hy@abspage=\count111
\c@Item=\count112
\c@Hfootnote=\count113
)

Package hyperref Message: Driver (autodetected): hpdftex.

("d:\Program Files\MiKTeX 2.9\tex\latex\hyperref\hpdftex.def"
File: hpdftex.def 2012/11/06 v6.83m Hyperref driver for pdfTeX
\Fld@listcount=\count114
\c@bookmark@seq@number=\count115

("d:\Program Files\MiKTeX 2.9\tex\latex\oberdiek\rerunfilecheck.sty"
Package: rerunfilecheck 2011/04/15 v1.7 Rerun checks for auxiliary files (HO)
Package uniquecounter Info: New unique counter `rerunfilecheck' on input line 2
82.
)
\Hy@SectionHShift=\skip50
)
\@float@every@algorithm=\toks30
\c@algorithm=\count116
Package refstyle Info: New reference template \newref{sub} on input line 42.
Package refstyle Info: \subkey created on input line 42.
Package refstyle Info: \sublabel created on input line 42.
Package refstyle Info: \subref created on input line 42.
Package refstyle Info: \Subref created on input line 42.
Package refstyle Info: \subrangeref created on input line 42.
Package refstyle Info: \Subrangeref created on input line 42.
Package refstyle Info: \subpageref created on input line 42.
Package refstyle Info: New reference template \newref{thm} on input line 45.
Package refstyle Info: \thmkey created on input line 45.
Package refstyle Info: \thmlabel created on input line 45.
Package refstyle Info: \thmref created on input line 45.
Package refstyle Info: \Thmref created on input line 45.
Package refstyle Info: \thmrangeref created on input line 45.
Package refstyle Info: \Thmrangeref created on input line 45.
Package refstyle Info: \thmpageref created on input line 45.
Package refstyle Info: New reference template \newref{lem} on input line 48.
Package refstyle Info: \lemkey created on input line 48.
Package refstyle Info: \lemlabel created on input line 48.
Package refstyle Info: \lemref created on input line 48.
Package refstyle Info: \Lemref created on input line 48.
Package refstyle Info: \lemrangeref created on input line 48.
Package refstyle Info: \Lemrangeref created on input line 48.
Package refstyle Info: \lempageref created on input line 48.
\c@defn=\count117
\c@thm=\count118
\c@lem=\count119
\c@casenvi=\count120
\c@casenvii=\count121
\c@casenviii=\count122
\c@casenviv=\count123
\enitdp@casenv=\count124
\c@cor=\count125

("d:\Program Files\MiKTeX 2.9\tex\latex\subfig\subfig.sty"
Package: subfig 2005/06/28 ver: 1.3 subfig package

("d:\Program Files\MiKTeX 2.9\tex\latex\caption\caption.sty"
Package: caption 2012/02/19 v3.2f Customizing captions (AR)

("d:\Program Files\MiKTeX 2.9\tex\latex\caption\caption3.sty"
Package: caption3 2012/01/12 v1.4b caption3 kernel (AR)
\captionmargin=\dimen127
\captionmargin@=\dimen128
\captionwidth=\dimen129
\caption@indent=\dimen130
\caption@parindent=\dimen131
\caption@hangindent=\dimen132
)
\c@ContinuedFloat=\count126
Package caption Info: float package is loaded.
Package caption Info: hyperref package is loaded.
)
\c@KVtest=\count127
\sf@farskip=\skip51
\sf@captopadj=\dimen133
\sf@capskip=\skip52
\sf@nearskip=\skip53
\c@subfigure=\count128
\c@subfigure@save=\count129
\c@lofdepth=\count130
\c@subtable=\count131
\c@subtable@save=\count132
\c@lotdepth=\count133
\sf@top=\skip54
\sf@bottom=\skip55
)

LaTeX Warning: Unused global option(s):
    [A4paper].

(D:\MPhil_Thesis_Vctrl\Outline_V4.3.aux
(D:\MPhil_Thesis_Vctrl\C0.6_Acknowledgment.aux)
(D:\MPhil_Thesis_Vctrl\C0.5_Abstract.aux)
(D:\MPhil_Thesis_Vctrl\C0.7_Abbreviations.aux)
(D:\MPhil_Thesis_Vctrl\C1_Introduction.aux)
(D:\MPhil_Thesis_Vctrl\C2_ConsensusProblem_onGraph.aux)
(D:\MPhil_Thesis_Vctrl\C2.3_AsymptoticDAC.aux)
(D:\MPhil_Thesis_Vctrl\C2.5_Simple_Finite-time_DCA.aux)
(D:\MPhil_Thesis_Vctrl\C2.6_ConsensusBasedSigProc.aux)
(D:\MPhil_Thesis_Vctrl\C2.2_Graph&MatrixTheory.aux)
(D:\MPhil_Thesis_Vctrl\C3_Finite-timeDCA_V2.aux)
(D:\MPhil_Thesis_Vctrl\C4_Real-time_Opt_DAC.aux)
(D:\MPhil_Thesis_Vctrl\C5_CloudDetection_V2.aux)
(D:\MPhil_Thesis_Vctrl\C7_Conclusion_Future.aux))
LaTeX Font Info:    Checking defaults for OML/cmm/m/it on input line 81.
LaTeX Font Info:    ... okay on input line 81.
LaTeX Font Info:    Checking defaults for T1/cmr/m/n on input line 81.
LaTeX Font Info:    ... okay on input line 81.
LaTeX Font Info:    Checking defaults for OT1/cmr/m/n on input line 81.
LaTeX Font Info:    ... okay on input line 81.
LaTeX Font Info:    Checking defaults for OMS/cmsy/m/n on input line 81.
LaTeX Font Info:    ... okay on input line 81.
LaTeX Font Info:    Checking defaults for OMX/cmex/m/n on input line 81.
LaTeX Font Info:    ... okay on input line 81.
LaTeX Font Info:    Checking defaults for U/cmr/m/n on input line 81.
LaTeX Font Info:    ... okay on input line 81.
LaTeX Font Info:    Checking defaults for PD1/pdf/m/n on input line 81.
LaTeX Font Info:    ... okay on input line 81.
LaTeX Font Info:    Checking defaults for PU/pdf/m/n on input line 81.
LaTeX Font Info:    ... okay on input line 81.

*geometry* driver: auto-detecting
*geometry* detected driver: pdftex
*geometry* verbose mode - [ preamble ] result:
* driver: pdftex
* paper: <default>
* layout: <same size as paper>
* layoutoffset:(h,v)=(0.0pt,0.0pt)
* modes: 
* h-part:(L,W,R)=(113.81102pt, 429.3521pt, 71.13188pt)
* v-part:(T,H,B)=(85.35826pt, 624.25346pt, 85.35826pt)
* \paperwidth=614.295pt
* \paperheight=794.96999pt
* \textwidth=429.3521pt
* \textheight=624.25346pt
* \oddsidemargin=41.54103pt
* \evensidemargin=41.54103pt
* \topmargin=-18.78552pt
* \headheight=12.0pt
* \headsep=19.8738pt
* \topskip=12.0pt
* \footskip=30.0pt
* \marginparwidth=47.0pt
* \marginparsep=7.0pt
* \columnsep=10.0pt
* \skip\footins=10.8pt plus 4.0pt minus 2.0pt
* \hoffset=0.0pt
* \voffset=0.0pt
* \mag=1000
* \@twocolumnfalse
* \@twosidefalse
* \@mparswitchfalse
* \@reversemarginfalse
* (1in=72.27pt=25.4mm, 1cm=28.453pt)

("d:\Program Files\MiKTeX 2.9\tex\context\base\supp-pdf.mkii"
[Loading MPS to PDF converter (version 2006.09.02).]
\scratchcounter=\count134
\scratchdimen=\dimen134
\scratchbox=\box31
\nofMPsegments=\count135
\nofMParguments=\count136
\everyMPshowfont=\toks31
\MPscratchCnt=\count137
\MPscratchDim=\dimen135
\MPnumerator=\count138
\makeMPintoPDFobject=\count139
\everyMPtoPDFconversion=\toks32
)
\AtBeginShipoutBox=\box32
Package hyperref Info: Link coloring OFF on input line 81.
 ("d:\Program Files\MiKTeX 2.9\tex\latex\hyperref\nameref.sty"
Package: nameref 2012/10/27 v2.43 Cross-referencing by name of section

("d:\Program Files\MiKTeX 2.9\tex\generic\oberdiek\gettitlestring.sty"
Package: gettitlestring 2010/12/03 v1.4 Cleanup title references (HO)
)
\c@section@level=\count140
)
LaTeX Info: Redefining \ref on input line 81.
LaTeX Info: Redefining \pageref on input line 81.
LaTeX Info: Redefining \nameref on input line 81.

(D:\MPhil_Thesis_Vctrl\Outline_V4.3.out)
(D:\MPhil_Thesis_Vctrl\Outline_V4.3.out)
\@outlinefile=\write3
Package caption Info: Begin \AtBeginDocument code.
Package caption Info: subfig package v1.3 is loaded.
Package caption Info: End \AtBeginDocument code.
LaTeX Font Info:    Try loading font information for U+msa on input line 87.

("d:\Program Files\MiKTeX 2.9\tex\latex\amsfonts\umsa.fd"
File: umsa.fd 2009/06/22 v3.00 AMS symbols A
)
LaTeX Font Info:    Try loading font information for U+msb on input line 87.

("d:\Program Files\MiKTeX 2.9\tex\latex\amsfonts\umsb.fd"
File: umsb.fd 2009/06/22 v3.00 AMS symbols B
)
LaTeX Font Info:    Try loading font information for U+esint on input line 87.

("d:\Program Files\MiKTeX 2.9\tex\latex\esint\uesint.fd"
File: uesint.fd 
)

LaTeX Warning: No \author given.


Package hyperref Warning: Token not allowed in a PDF string (Unicode):
(hyperref)                removing `\global' on input line 87.


Package hyperref Warning: Token not allowed in a PDF string (Unicode):
(hyperref)                removing `\let' on input line 87.


Package hyperref Warning: Token not allowed in a PDF string (Unicode):
(hyperref)                removing `\<def>-command' on input line 87.


Package hyperref Warning: Token not allowed in a PDF string (Unicode):
(hyperref)                removing `\@specialstyle' on input line 87.

[1


{C:/ProgramData/MiKTeX/2.9/pdftex/config/pdftex.map}]
(D:\MPhil_Thesis_Vctrl\C0.6_Acknowledgment.tex)pdfTeX warning (ext4): destinati
on with the same identifier (name{page.1}) has been already used, duplicate ign
ored
<to be read again> 
                   \relax 
l.87 \include{C0.6_Acknowledgment}
                                   [1


] (D:\MPhil_Thesis_Vctrl\C0.5_Abstract.tex) [2



] (D:\MPhil_Thesis_Vctrl\Outline_V4.3.toc [1


] [2])
\tf@toc=\write4
 [3]
(D:\MPhil_Thesis_Vctrl\Outline_V4.3.lof
Overfull \hbox (18.8692pt too wide) in paragraph at lines 5--5
 [][] [][]\T1/cmr/m/n/12 Illustration of Con-ver-gence rate op-ti-miza-tion, $[
] [] \OML/cmm/m/it/12 ;  i \OT1/cmr/m/n/12 =$ 
 []

[4

])
\tf@lof=\write5
 [5] (D:\MPhil_Thesis_Vctrl\Outline_V4.3.lot)
\tf@lot=\write6
 [6

]
(D:\MPhil_Thesis_Vctrl\C0.7_Abbreviations.tex
Overfull \hbox (21.43922pt too wide) in paragraph at lines 9--23
[] 
 []

[7


]
Underfull \hbox (badness 3838) in paragraph at lines 114--117
[]\T1/cmr/m/n/12 The lo-cal value his-tory vec-tor at $\OML/cmm/m/it/12 v[]$ \T
1/cmr/m/n/12 con-structed by
 []

) [8

] (D:\MPhil_Thesis_Vctrl\C1_Introduction.tex
Chapter 1.
pdfTeX warning (ext4): destination with the same identifier (name{page.1}) has 
been already used, duplicate ignored
<to be read again> 
                   \relax 
l.80 
      [1



]pdfTeX warning (ext4): destination with the same identifier (name{page.2}) has
 been already used, duplicate ignored
<to be read again> 
                   \relax 
l.130 
       [2] [3]) [4] [5] (D:\MPhil_Thesis_Vctrl\C2_ConsensusProblem_onGraph.tex
Chapter 2.
LaTeX Font Info:    Try loading font information for U+euf on input line 12.
("d:\Program Files\MiKTeX 2.9\tex\latex\amsfonts\ueuf.fd"
File: ueuf.fd 2009/06/22 v3.00 Euler Fraktur
) [6



] [7] [8] [9]
[10]
<"Graph/location of laplacian eigenvalue".pdf, id=623, 355.09663pt x 227.91048p
t>
File: "Graph/location of laplacian eigenvalue".pdf Graphic file (type pdf)
 <use "Graph/location of laplacian eigenvalue".pdf>
Package pdftex.def Info: "Graph/location of laplacian eigenvalue".pdf used on i
nput line 270.
(pdftex.def)             Requested size: 355.09576pt x 227.9099pt.
 [11] [12 <D:/MPhil_Thesis_Vctrl/Graph/location of laplacian eigenvalue.pdf>]

Package prettyref Warning: Reference format sub undefined on input line 352.


Overfull \hbox (2.26056pt too wide) in paragraph at lines 355--355
[]\T1/cmr/bx/n/17.28 Categories of Dis-tributed Con-sen-sus Av-er-age Al-
 []


Package prettyref Warning: Reference format sub undefined on input line 361.


Package prettyref Warning: Reference format sub undefined on input line 377.

[13]

Package prettyref Warning: Reference format sub undefined on input line 394.

<"Graph/Categories of DAC_Nor".pdf, id=677, 695.47629pt x 388.58374pt>
File: "Graph/Categories of DAC_Nor".pdf Graphic file (type pdf)

<use "Graph/Categories of DAC_Nor".pdf>
Package pdftex.def Info: "Graph/Categories of DAC_Nor".pdf used on input line 3
97.
(pdftex.def)             Requested size: 384.1122pt x 214.6111pt.
) [14] [15 <D:/MPhil_Thesis_Vctrl/Graph/Categories of DAC_Nor.pdf>] (D:\MPhil_T
hesis_Vctrl\C2.3_AsymptoticDAC.tex
[16


] [17] [18] [19] [20] [21]
Overfull \hbox (3.78831pt too wide) in paragraph at lines 306--311
[]\T1/cmr/m/n/12 The high-order DAC al-go-rithm with ini-tial con-di-tion $\OT1
/cmr/bx/n/12 x\OT1/cmr/m/n/12 (\OMS/cmsy/m/n/12  \OML/cmm/m/it/12 M \OT1/cmr/m/
n/12 + 1) =\OML/cmm/m/it/12 ; [] ; \OT1/cmr/m/n/12 = \OT1/cmr/bx/n/12 x\OT1/cmr
/m/n/12 (\OMS/cmsy/m/n/12  \OT1/cmr/m/n/12 1) =$
 []


<D:/Dropbox/PaperWork/FirstYearReport/Lyx_v/images/3order_max_lambda.pdf, id=77
4, 425.59pt x 347.2975pt>
File: D:/Dropbox/PaperWork/FirstYearReport/Lyx_v/images/3order_max_lambda.pdf G
raphic file (type pdf)

<use D:/Dropbox/PaperWork/FirstYearReport/Lyx_v/images/3order_max_lambda.pdf>
Package pdftex.def Info: D:/Dropbox/PaperWork/FirstYearReport/Lyx_v/images/3ord
er_max_lambda.pdf used on input line 362.
(pdftex.def)             Requested size: 313.8147pt x 256.0748pt.

Underfull \hbox (badness 10000) in paragraph at lines 363--363
[]\T1/cmr/m/n/12 Figure 2.3.1: |[] Il-lus-tra-tion of Con-ver-gence rate op-ti-
miza-tion,
 []

<"Graph/Convergence region".pdf, id=775, 446.66875pt x 352.31625pt>
File: "Graph/Convergence region".pdf Graphic file (type pdf)

<use "Graph/Convergence region".pdf>
Package pdftex.def Info: "Graph/Convergence region".pdf used on input line 368.

(pdftex.def)             Requested size: 324.65463pt x 256.0748pt.
 [22] [23 <D:/Dropbox/PaperWork/FirstYearReport/Lyx_v/images/3order_max_lambda.
pdf> <D:/MPhil_Thesis_Vctrl/Graph/Convergence region.pdf>] [24]
<Graph/FirstYearReport/Lyx_v/images/Net50Edges200.pdf, id=816, 499.93575pt x 47
8.3705pt>
File: Graph/FirstYearReport/Lyx_v/images/Net50Edges200.pdf Graphic file (type p
df)
 <use Graph/FirstYearReport/Lyx_v/images/Net50Edges200.pdf>
Package pdftex.def Info: Graph/FirstYearReport/Lyx_v/images/Net50Edges200.pdf u
sed on input line 463.
(pdftex.def)             Requested size: 199.16928pt x 190.57837pt.


pdfTeX warning: pdflatex.exe (file D:/MPhil_Thesis_Vctrl/Graph/FirstYearReport/
Lyx_v/images/Network_N16_R0,3.pdf): PDF inclusion: found PDF version <1.6>, but
 at most version <1.5> allowed

<Graph/FirstYearReport/Lyx_v/images/Network_N16_R0,3.pdf, id=817, 229.68008pt x
 183.6752pt>
File: Graph/FirstYearReport/Lyx_v/images/Network_N16_R0,3.pdf Graphic file (typ
e pdf)
 <use Graph/FirstYearReport/Lyx_v/images/Network_N16_R0,3.pdf>
Package pdftex.def Info: Graph/FirstYearReport/Lyx_v/images/Network_N16_R0,3.pd
f used on input line 465.
(pdftex.def)             Requested size: 199.16928pt x 159.28044pt.


LaTeX Warning: `h' float specifier changed to `ht'.

[25] [26 <D:/MPhil_Thesis_Vctrl/Graph/FirstYearReport/Lyx_v/images/Net50Edges20
0.pdf> <D:/MPhil_Thesis_Vctrl/Graph/FirstYearReport/Lyx_v/images/Network_N16_R0
,3.pdf>]
<"Graph/FirstYearReport/Lyx_v/images/Spectrum radius Compare_old_Ord1234".pdf, 
id=1459, 481.8pt x 451.6875pt>
File: "Graph/FirstYearReport/Lyx_v/images/Spectrum radius Compare_old_Ord1234".
pdf Graphic file (type pdf)

<use "Graph/FirstYearReport/Lyx_v/images/Spectrum radius Compare_old_Ord1234".p
df>
Package pdftex.def Info: "Graph/FirstYearReport/Lyx_v/images/Spectrum radius Co
mpare_old_Ord1234".pdf used on input line 519.
(pdftex.def)             Requested size: 199.16399pt x 184.94495pt.

<Graph/FirstYearReport/Lyx_v/images/DAC_Compr_ord1234&hybrid.pdf, id=1460, 481.
8pt x 434.62375pt>
File: Graph/FirstYearReport/Lyx_v/images/DAC_Compr_ord1234&hybrid.pdf Graphic f
ile (type pdf)

<use Graph/FirstYearReport/Lyx_v/images/DAC_Compr_ord1234&hybrid.pdf>
Package pdftex.def Info: Graph/FirstYearReport/Lyx_v/images/DAC_Compr_ord1234&h
ybrid.pdf used on input line 521.
(pdftex.def)             Requested size: 199.16399pt x 184.94807pt.
) [27 <D:/MPhil_Thesis_Vctrl/Graph/FirstYearReport/Lyx_v/images/Spectrum radius
 Compare_old_Ord1234.pdf> <D:/MPhil_Thesis_Vctrl/Graph/FirstYearReport/Lyx_v/im
ages/DAC_Compr_ord1234&hybrid.pdf>]
(D:\MPhil_Thesis_Vctrl\C2.5_Simple_Finite-time_DCA.tex [28


] [29] [30]

Package prettyref Warning: Reference format sub undefined on input line 184.

[31] [32]) [33] (D:\MPhil_Thesis_Vctrl\C2.6_ConsensusBasedSigProc.tex [34


]
[35]
Overfull \hbox (23.3004pt too wide) in paragraph at lines 109--113
\T1/cmr/m/n/12 Since $\OT1/cmr/bx/n/12 n \OMS/cmsy/m/n/12  N []$\T1/cmr/m/n/12
 , the like-li-hood func-tion is a joint Gaus-sian func-tion $\OML/cmm/m/it/12 
f [] \OT1/cmr/m/n/12 =$
 []

Runaway argument?
 means the G-LLR can be a weighted sum of sensor's observation. 
! Paragraph ended before \@prettyref was complete.
<to be read again> 
                   \par 
l.120 
      
I suspect you've forgotten a `}', causing me to apply this
control sequence to too much text. How can we recover?
My plan is to forget the whole thing and hope for the best.

[36] [37]) [38] (D:\MPhil_Thesis_Vctrl\C2.2_Graph&MatrixTheory.tex [39


]
[40] [41]

Package prettyref Warning: Reference format sub undefined on input line 164.

[42]

Package prettyref Warning: Reference format cor undefined on input line 249.

[43] [44]) [45] (D:\MPhil_Thesis_Vctrl\C3_Finite-timeDCA_V2.tex
Chapter 3.
[46



] [47]
Overfull \hbox (20.794pt too wide) in paragraph at lines 118--125
\T1/cmr/m/n/12 Similarly, De-fine the func-tion $\OT1/cmr/bx/n/12 y[] \OT1/cmr/
m/n/12 = \OT1/cmr/bx/n/12 y[] [] \OT1/cmr/m/n/12 = [][] \OMS/cmsy/m/n/12 2$
 []

[48] [49]

pdfTeX warning: pdflatex.exe (file D:/MPhil_Thesis_Vctrl/Graph/Report_DAC/Net_W
eight/graph with 8 nodes and 17 edges.pdf): PDF inclusion: found PDF version <1
.6>, but at most version <1.5> allowed

<"Graph/Report_DAC/Net_Weight/graph with 8 nodes and 17 edges".pdf, id=1698, 22
6.00836pt x 112.78537pt>
File: "Graph/Report_DAC/Net_Weight/graph with 8 nodes and 17 edges".pdf Graphic
 file (type pdf)

<use "Graph/Report_DAC/Net_Weight/graph with 8 nodes and 17 edges".pdf>
Package pdftex.def Info: "Graph/Report_DAC/Net_Weight/graph with 8 nodes and 17
 edges".pdf used on input line 214.
(pdftex.def)             Requested size: 226.0078pt x 112.78508pt.

[50]
<"Graph/Report_DAC/MSE/MSE_Filter vs FODAC".pdf, id=1707, 427.5975pt x 310.1587
5pt>
File: "Graph/Report_DAC/MSE/MSE_Filter vs FODAC".pdf Graphic file (type pdf)
 <use "Graph/Report_DAC/MSE/MSE_Filter vs FODAC".pdf>
Package pdftex.def Info: "Graph/Report_DAC/MSE/MSE_Filter vs FODAC".pdf used on
 input line 236.
(pdftex.def)             Requested size: 227.62204pt x 165.1027pt.
) [51 <D:/MPhil_Thesis_Vctrl/Graph/Report_DAC/Net_Weight/graph with 8 nodes and
 17 edges.pdf> <D:/MPhil_Thesis_Vctrl/Graph/Report_DAC/MSE/MSE_Filter vs FODAC.
pdf>] [52]
(D:\MPhil_Thesis_Vctrl\C4_Real-time_Opt_DAC.tex
Chapter 4.
[53



] [54] [55]
Overfull \hbox (9.30887pt too wide) in paragraph at lines 153--157
[]\T1/cmr/m/n/12 Because $\OML/cmm/m/it/12 [] []$ \T1/cmr/m/n/12 is the root o
f the char-ac-ter-is-tic poly-no-mial $\OML/cmm/m/it/12 p\OT1/cmr/m/n/12 (\OML/
cmm/m/it/12 \OT1/cmr/m/n/12 ) = [][] [][] =$
 []

[56] [57] [58] [59]
Overfull \hbox (27.48048pt too wide) in paragraph at lines 380--384
[]\T1/cmr/m/n/12 On the other hand, let $\OT1/cmr/bx/n/12 y[] \OT1/cmr/m/n/12 =
 \OT1/cmr/bx/n/12 y[] [] \OT1/cmr/m/n/12 = [][]$
 []

[60]
Overfull \hbox (7.70636pt too wide) in paragraph at lines 412--418
[]\T1/cmr/m/n/12 To solve the prob-lem ([]2.3.12[]), Xiao [[]] pro-posed two ce
n-tral-ized meth-ods: interior-
 []


Package prettyref Warning: Reference format alg undefined on input line 423.

LaTeX Font Info:    Try loading font information for OMS+cmr on input line 440.

("d:\Program Files\MiKTeX 2.9\tex\latex\base\omscmr.fd"
File: omscmr.fd 1999/05/25 v2.5h Standard LaTeX font definitions
)
LaTeX Font Info:    Font shape `OMS/cmr/m/n' in size <12> not available
(Font)              Font shape `OMS/cmsy/m/n' tried instead on input line 440.
Package hyperref Info: bookmark level for unknown algorithm defaults to 0 on in
put line 463.
 [61] [62]
<"D:/Dropbox/PaperWork/Autonomous Opt. DAC/Graph/N10_DAC1_NeiLV".pdf, id=1869, 
421.575pt x 317.185pt>
File: "D:/Dropbox/PaperWork/Autonomous Opt. DAC/Graph/N10_DAC1_NeiLV".pdf Graph
ic file (type pdf)

<use "D:/Dropbox/PaperWork/Autonomous Opt. DAC/Graph/N10_DAC1_NeiLV".pdf>
Package pdftex.def Info: "D:/Dropbox/PaperWork/Autonomous Opt. DAC/Graph/N10_DA
C1_NeiLV".pdf used on input line 518.
(pdftex.def)             Requested size: 199.16928pt x 149.85133pt.

<"D:/Dropbox/PaperWork/Autonomous Opt. DAC/Graph/N10_DAC1_NoNeiLV".pdf, id=1870
, 421.575pt x 317.185pt>
File: "D:/Dropbox/PaperWork/Autonomous Opt. DAC/Graph/N10_DAC1_NoNeiLV".pdf Gra
phic file (type pdf)

<use "D:/Dropbox/PaperWork/Autonomous Opt. DAC/Graph/N10_DAC1_NoNeiLV".pdf>
Package pdftex.def Info: "D:/Dropbox/PaperWork/Autonomous Opt. DAC/Graph/N10_DA
C1_NoNeiLV".pdf used on input line 521.
(pdftex.def)             Requested size: 199.16928pt x 149.85133pt.

<"D:/Dropbox/PaperWork/Autonomous Opt. DAC/Graph/N10_DAC2_NeiLV".pdf, id=1871, 
421.575pt x 317.185pt>
File: "D:/Dropbox/PaperWork/Autonomous Opt. DAC/Graph/N10_DAC2_NeiLV".pdf Graph
ic file (type pdf)

<use "D:/Dropbox/PaperWork/Autonomous Opt. DAC/Graph/N10_DAC2_NeiLV".pdf>
Package pdftex.def Info: "D:/Dropbox/PaperWork/Autonomous Opt. DAC/Graph/N10_DA
C2_NeiLV".pdf used on input line 526.
(pdftex.def)             Requested size: 199.16928pt x 149.85133pt.


pdfTeX warning: pdflatex.exe (file D:/Dropbox/PaperWork/Autonomous Opt. DAC/Gra
ph/N18_DAC18_NeiLV_grid.pdf): PDF inclusion: found PDF version <1.6>, but at mo
st version <1.5> allowed

<"D:/Dropbox/PaperWork/Autonomous Opt. DAC/Graph/N18_DAC18_NeiLV_grid".pdf, id=
1872, 421.575pt x 317.185pt>
File: "D:/Dropbox/PaperWork/Autonomous Opt. DAC/Graph/N18_DAC18_NeiLV_grid".pdf
 Graphic file (type pdf)

<use "D:/Dropbox/PaperWork/Autonomous Opt. DAC/Graph/N18_DAC18_NeiLV_grid".pdf>
Package pdftex.def Info: "D:/Dropbox/PaperWork/Autonomous Opt. DAC/Graph/N18_DA
C18_NeiLV_grid".pdf used on input line 529.
(pdftex.def)             Requested size: 199.16928pt x 149.85133pt.

Package pdftex.def Warning: Option `bb' does not make sense,
(pdftex.def)                using `viewport' instead on input line 555.


<"D:/Dropbox/PaperWork/Autonomous Opt. DAC/Graph/spectral_radius_Ord123_N8-32".
pdf, id=1875, 431.44589pt x 339.2675pt>
File: "D:/Dropbox/PaperWork/Autonomous Opt. DAC/Graph/spectral_radius_Ord123_N8
-32".pdf Graphic file (type pdf)

<use "D:/Dropbox/PaperWork/Autonomous Opt. DAC/Graph/spectral_radius_Ord123_N8-
32".pdf>
Package pdftex.def Info: "D:/Dropbox/PaperWork/Autonomous Opt. DAC/Graph/spectr
al_radius_Ord123_N8-32".pdf used on input line 555.
(pdftex.def)             Requested size: 241.84842pt x 190.10237pt.
 [63] [64 <D:/Dropbox/PaperWork/Autonomous Opt. DAC/Graph/N10_DAC1_NeiLV.pdf> <
D:/Dropbox/PaperWork/Autonomous Opt. DAC/Graph/N10_DAC1_NoNeiLV.pdf> <D:/Dropbo
x/PaperWork/Autonomous Opt. DAC/Graph/N10_DAC2_NeiLV.pdf> <D:/Dropbox/PaperWork
/Autonomous Opt. DAC/Graph/N18_DAC18_NeiLV_grid.pdf>]) [65 <D:/Dropbox/PaperWor
k/Autonomous Opt. DAC/Graph/spectral_radius_Ord123_N8-32.pdf>]
(D:\MPhil_Thesis_Vctrl\C5_CloudDetection_V2.tex
Chapter 5.
[66



] [67] [68]

Package pdftex.def Warning: Option `bb' does not make sense,
(pdftex.def)                using `viewport' instead on input line 153.



pdfTeX warning: pdflatex.exe (file D:/Dropbox/PaperWork/CloudDetection/Cloud De
tection Task Description/SystemModel/SysModel1.pdf): PDF inclusion: found PDF v
ersion <1.6>, but at most version <1.5> allowed

<"D:/Dropbox/PaperWork/CloudDetection/Cloud Detection Task Description/SystemMo
del/SysModel1".pdf, id=1961, 342.95438pt x 264.94344pt>
File: "D:/Dropbox/PaperWork/CloudDetection/Cloud Detection Task Description/Sys
temModel/SysModel1".pdf Graphic file (type pdf)

<use "D:/Dropbox/PaperWork/CloudDetection/Cloud Detection Task Description/Syst
emModel/SysModel1".pdf>
Package pdftex.def Info: "D:/Dropbox/PaperWork/CloudDetection/Cloud Detection T
ask Description/SystemModel/SysModel1".pdf used on input line 153.
(pdftex.def)             Requested size: 199.16928pt x 131.0308pt.


Package pdftex.def Warning: Option `bb' does not make sense,
(pdftex.def)                using `viewport' instead on input line 155.



pdfTeX warning: pdflatex.exe (file D:/Dropbox/PaperWork/CloudDetection/Gaussian
PlumeImage/A9RF2DF.tmp.pdf): PDF inclusion: found PDF version <1.6>, but at mos
t version <1.5> allowed

<D:/Dropbox/PaperWork/CloudDetection/GaussianPlumeImage/A9RF2DF.tmp.pdf, id=196
3, 1806.75pt x 1158.3275pt>
File: D:/Dropbox/PaperWork/CloudDetection/GaussianPlumeImage/A9RF2DF.tmp.pdf Gr
aphic file (type pdf)

<use D:/Dropbox/PaperWork/CloudDetection/GaussianPlumeImage/A9RF2DF.tmp.pdf>
Package pdftex.def Info: D:/Dropbox/PaperWork/CloudDetection/GaussianPlumeImage
/A9RF2DF.tmp.pdf used on input line 155.
(pdftex.def)             Requested size: 199.16928pt x 131.31914pt.

[69 <D:/Dropbox/PaperWork/CloudDetection/Cloud Detection Task Description/Syste
mModel/SysModel1.pdf> <D:/Dropbox/PaperWork/CloudDetection/GaussianPlumeImage/A
9RF2DF.tmp.pdf>] [70] [71] [72] [73] [74]
<"D:/Dropbox/PaperWork/CloudDetection/Cloud Detection Task Description/Gaussian
PlumeModel/Plume_2D".pdf, id=2047, 963.6pt x 674.52pt>
File: "D:/Dropbox/PaperWork/CloudDetection/Cloud Detection Task Description/Gau
ssianPlumeModel/Plume_2D".pdf Graphic file (type pdf)

<use "D:/Dropbox/PaperWork/CloudDetection/Cloud Detection Task Description/Gaus
sianPlumeModel/Plume_2D".pdf>
Package pdftex.def Info: "D:/Dropbox/PaperWork/CloudDetection/Cloud Detection T
ask Description/GaussianPlumeModel/Plume_2D".pdf used on input line 423.
(pdftex.def)             Requested size: 243.86948pt x 170.71652pt.

<"D:/Dropbox/PaperWork/CloudDetection/Cloud Detection Task Description/Smoke Se
quance".png, id=2050, 1337.99875pt x 381.425pt>
File: "D:/Dropbox/PaperWork/CloudDetection/Cloud Detection Task Description/Smo
ke Sequance".png Graphic file (type png)

<use "D:/Dropbox/PaperWork/CloudDetection/Cloud Detection Task Description/Smok
e Sequance".png>
Package pdftex.def Info: "D:/Dropbox/PaperWork/CloudDetection/Cloud Detection T
ask Description/Smoke Sequance".png used on input line 451.
(pdftex.def)             Requested size: 398.33858pt x 113.55536pt.


pdfTeX warning: pdflatex.exe (file D:/Dropbox/PaperWork/CloudDetection/Cloud De
tection Task Description/SmokeProject/SmokeProjection_PhS.pdf): PDF inclusion: 
found PDF version <1.6>, but at most version <1.5> allowed

<"D:/Dropbox/PaperWork/CloudDetection/Cloud Detection Task Description/SmokePro
ject/SmokeProjection_PhS".pdf, id=2052, 421.575pt x 317.185pt>
File: "D:/Dropbox/PaperWork/CloudDetection/Cloud Detection Task Description/Smo
keProject/SmokeProjection_PhS".pdf Graphic file (type pdf)

<use "D:/Dropbox/PaperWork/CloudDetection/Cloud Detection Task Description/Smok
eProject/SmokeProjection_PhS".pdf>
Package pdftex.def Info: "D:/Dropbox/PaperWork/CloudDetection/Cloud Detection T
ask Description/SmokeProject/SmokeProjection_PhS".pdf used on input line 459.
(pdftex.def)             Requested size: 227.62204pt x 171.26282pt.
 [75 <D:/Dropbox/PaperWork/CloudDetection/Cloud Detection Task Description/Gaus
sianPlumeModel/Plume_2D.pdf>] [76 <D:/Dropbox/PaperWork/CloudDetection/Cloud De
tection Task Description/Smoke Sequance.png> <D:/Dropbox/PaperWork/CloudDetecti
on/Cloud Detection Task Description/SmokeProject/SmokeProjection_PhS.pdf>] [77]
 [78]
Overfull \hbox (3.84468pt too wide) in alignment at lines 571--576
 [][][] []
 []


Overfull \hbox (28.58258pt too wide) in paragraph at lines 576--579
\T1/cmr/m/n/12 where $\OML/cmm/m/it/12 w[]$ \T1/cmr/m/n/12 de-notes the $\OML/c
mm/m/it/12 l[]$ \T1/cmr/m/n/12 com-po-nent of $\OT1/cmr/bx/n/12 u[][] \OMS/cms
y/m/n/12   \OT1/cmr/bx/n/12 u[][]$\T1/cmr/m/n/12 , and $\OML/cmm/m/it/12 C \OT
1/cmr/m/n/12 = [] [] \OMS/cmsy/m/n/12  $
 []

[79]
! Too many }'s.
l.641 ...2}I$, the Eq.\prettyref{eq:G-LLR Expand}}
                                                   evolves into Eq.\prettyre...
You've closed more groups than you opened.
Such booboos are generally harmless, so keep going.

[80]
<"D:/Dropbox/PaperWork/CloudDetection/Cloud Detection Task Description/Mlti_Obs
/SensorObs3".pdf, id=2129, 211.74106pt x 154.47813pt>
File: "D:/Dropbox/PaperWork/CloudDetection/Cloud Detection Task Description/Mlt
i_Obs/SensorObs3".pdf Graphic file (type pdf)

<use "D:/Dropbox/PaperWork/CloudDetection/Cloud Detection Task Description/Mlti
_Obs/SensorObs3".pdf>
Package pdftex.def Info: "D:/Dropbox/PaperWork/CloudDetection/Cloud Detection T
ask Description/Mlti_Obs/SensorObs3".pdf used on input line 687.
(pdftex.def)             Requested size: 211.74052pt x 154.47774pt.
 [81] [82 <D:/Dropbox/PaperWork/CloudDetection/Cloud Detection Task Description
/Mlti_Obs/SensorObs3.pdf, page is rotated 90 degrees>]
<"D:/Dropbox/PaperWork/CloudDetection/Cloud Detection Task Description/Mlti_Obs
/Sensor_LLR_Obs".pdf, id=2154, 596.62308pt x 467.08502pt>
File: "D:/Dropbox/PaperWork/CloudDetection/Cloud Detection Task Description/Mlt
i_Obs/Sensor_LLR_Obs".pdf Graphic file (type pdf)

<use "D:/Dropbox/PaperWork/CloudDetection/Cloud Detection Task Description/Mlti
_Obs/Sensor_LLR_Obs".pdf>
Package pdftex.def Info: "D:/Dropbox/PaperWork/CloudDetection/Cloud Detection T
ask Description/Mlti_Obs/Sensor_LLR_Obs".pdf used on input line 745.
(pdftex.def)             Requested size: 398.33858pt x 311.86201pt.

<"D:/Dropbox/PaperWork/CloudDetection/Cloud Detection Task Description/Mlti_Obs
/Two Sensors' Correlation".pdf, id=2157, 418.56375pt x 365.365pt>
File: "D:/Dropbox/PaperWork/CloudDetection/Cloud Detection Task Description/Mlt
i_Obs/Two Sensors' Correlation".pdf Graphic file (type pdf)

<use "D:/Dropbox/PaperWork/CloudDetection/Cloud Detection Task Description/Mlti
_Obs/Two Sensors' Correlation".pdf>
Package pdftex.def Info: "D:/Dropbox/PaperWork/CloudDetection/Cloud Detection T
ask Description/Mlti_Obs/Two Sensors' Correlation".pdf used on input line 760.
(pdftex.def)             Requested size: 199.16472pt x 170.71806pt.

<"D:/Dropbox/PaperWork/CloudDetection/Cloud Detection Task Description/Mlti_Obs
/Two Sensors' Obs".pdf, id=2158, 421.575pt x 310.15875pt>
File: "D:/Dropbox/PaperWork/CloudDetection/Cloud Detection Task Description/Mlt
i_Obs/Two Sensors' Obs".pdf Graphic file (type pdf)

<use "D:/Dropbox/PaperWork/CloudDetection/Cloud Detection Task Description/Mlti
_Obs/Two Sensors' Obs".pdf>
Package pdftex.def Info: "D:/Dropbox/PaperWork/CloudDetection/Cloud Detection T
ask Description/Mlti_Obs/Two Sensors' Obs".pdf used on input line 762.
(pdftex.def)             Requested size: 199.1695pt x 170.7156pt.
 [83 <D:/Dropbox/PaperWork/CloudDetection/Cloud Detection Task Description/Mlti
_Obs/Sensor_LLR_Obs.pdf>]
<"D:/Dropbox/PaperWork/CloudDetection/Cloud Detection Task Description/ROC/ROC_
mix_RandPos_256x192".pdf, id=2167, 476.81586pt x 463.4354pt>
File: "D:/Dropbox/PaperWork/CloudDetection/Cloud Detection Task Description/ROC
/ROC_mix_RandPos_256x192".pdf Graphic file (type pdf)

<use "D:/Dropbox/PaperWork/CloudDetection/Cloud Detection Task Description/ROC/
ROC_mix_RandPos_256x192".pdf>
Package pdftex.def Info: "D:/Dropbox/PaperWork/CloudDetection/Cloud Detection T
ask Description/ROC/ROC_mix_RandPos_256x192".pdf used on input line 770.
(pdftex.def)             Requested size: 256.07254pt x 213.395pt.
 [84 <D:/Dropbox/PaperWork/CloudDetection/Cloud Detection Task Description/Mlti
_Obs/Two Sensors' Correlation.pdf> <D:/Dropbox/PaperWork/CloudDetection/Cloud D
etection Task Description/Mlti_Obs/Two Sensors' Obs.pdf>] [85 <D:/Dropbox/Paper
Work/CloudDetection/Cloud Detection Task Description/ROC/ROC_mix_RandPos_256x19
2.pdf>]) [86]
(D:\MPhil_Thesis_Vctrl\C7_Conclusion_Future.tex
Chapter 6.
[87



] [88]) [89] (D:\MPhil_Thesis_Vctrl\Outline_V4.3.bbl [90


] [91] [92] [93])
Package atveryend Info: Empty hook `BeforeClearDocument' on input line 134.

[94]
Package atveryend Info: Empty hook `AfterLastShipout' on input line 134.
 (D:\MPhil_Thesis_Vctrl\Outline_V4.3.aux
(D:\MPhil_Thesis_Vctrl\C0.6_Acknowledgment.aux)
(D:\MPhil_Thesis_Vctrl\C0.5_Abstract.aux)
(D:\MPhil_Thesis_Vctrl\C0.7_Abbreviations.aux)
(D:\MPhil_Thesis_Vctrl\C1_Introduction.aux)
(D:\MPhil_Thesis_Vctrl\C2_ConsensusProblem_onGraph.aux)
(D:\MPhil_Thesis_Vctrl\C2.3_AsymptoticDAC.aux)
(D:\MPhil_Thesis_Vctrl\C2.5_Simple_Finite-time_DCA.aux)
(D:\MPhil_Thesis_Vctrl\C2.6_ConsensusBasedSigProc.aux)
(D:\MPhil_Thesis_Vctrl\C2.2_Graph&MatrixTheory.aux)
(D:\MPhil_Thesis_Vctrl\C3_Finite-timeDCA_V2.aux)
(D:\MPhil_Thesis_Vctrl\C4_Real-time_Opt_DAC.aux)
(D:\MPhil_Thesis_Vctrl\C5_CloudDetection_V2.aux)
(D:\MPhil_Thesis_Vctrl\C7_Conclusion_Future.aux))
Package atveryend Info: Executing hook `AtVeryEndDocument' on input line 134.
Package atveryend Info: Executing hook `AtEndAfterFileList' on input line 134.
Package rerunfilecheck Info: File `Outline_V4.3.out' has not changed.
(rerunfilecheck)             Checksum: 01F71E3D0FF1B40168D42214DCFBE0DA;18845.
Package atveryend Info: Empty hook `AtVeryVeryEnd' on input line 134.
 ) 
Here is how much of TeX's memory you used:
 13025 strings out of 493921
 195489 string characters out of 3147290
 276134 words of memory out of 3000000
 15624 multiletter control sequences out of 15000+200000
 28105 words of font info for 85 fonts, out of 3000000 for 9000
 841 hyphenation exceptions out of 8191
 44i,16n,48p,663b,499s stack positions out of 5000i,500n,10000p,200000b,50000s
 <C:\Users\HT\AppData\Local\MiKTeX\2.9\fonts\pk\ljfour\jknappen\ec\dpi600\ecr
m1000.pk> <C:\Users\HT\AppData\Local\MiKTeX\2.9\fonts\pk\ljfour\jknappen\ec\dpi
600\ecti1200.pk> <C:\Users\HT\AppData\Local\MiKTeX\2.9\fonts\pk\ljfour\jknappen
\ec\dpi600\ecbx1440.pk> <C:\Users\HT\AppData\Local\MiKTeX\2.9\fonts\pk\ljfour\j
knappen\ec\dpi600\ecsl1200.pk> <C:\Users\HT\AppData\Local\MiKTeX\2.9\fonts\pk\l
jfour\jknappen\ec\dpi600\ecbx1200.pk> <C:\Users\HT\AppData\Local\MiKTeX\2.9\fon
ts\pk\ljfour\jknappen\ec\dpi600\ecbx2488.pk> <C:\Users\HT\AppData\Local\MiKTeX\
2.9\fonts\pk\ljfour\jknappen\ec\dpi600\ecrm1200.pk> <C:\Users\HT\AppData\Local\
MiKTeX\2.9\fonts\pk\ljfour\jknappen\ec\dpi600\ecbx1728.pk> <C:\Users\HT\AppData
\Local\MiKTeX\2.9\fonts\pk\ljfour\jknappen\ec\dpi600\ecrm1440.pk> <C:\Users\HT\
AppData\Local\MiKTeX\2.9\fonts\pk\ljfour\jknappen\ec\dpi600\ecrm2074.pk><d:/Pro
gram Files/MiKTeX 2.9/fonts/type1/public/amsfonts/cm/cmbx12.pfb><d:/Program Fil
es/MiKTeX 2.9/fonts/type1/public/amsfonts/cm/cmbx8.pfb><d:/Program Files/MiKTeX
 2.9/fonts/type1/public/amsfonts/cm/cmex10.pfb><d:/Program Files/MiKTeX 2.9/fon
ts/type1/public/amsfonts/cm/cmmi10.pfb><d:/Program Files/MiKTeX 2.9/fonts/type1
/public/amsfonts/cm/cmmi12.pfb><d:/Program Files/MiKTeX 2.9/fonts/type1/public/
amsfonts/cm/cmmi6.pfb><d:/Program Files/MiKTeX 2.9/fonts/type1/public/amsfonts/
cm/cmmi8.pfb><d:/Program Files/MiKTeX 2.9/fonts/type1/public/amsfonts/cm/cmr10.
pfb><d:/Program Files/MiKTeX 2.9/fonts/type1/public/amsfonts/cm/cmr12.pfb><d:/P
rogram Files/MiKTeX 2.9/fonts/type1/public/amsfonts/cm/cmr6.pfb><d:/Program Fil
es/MiKTeX 2.9/fonts/type1/public/amsfonts/cm/cmr7.pfb><d:/Program Files/MiKTeX 
2.9/fonts/type1/public/amsfonts/cm/cmr8.pfb><d:/Program Files/MiKTeX 2.9/fonts/
type1/public/amsfonts/cm/cmsy10.pfb><d:/Program Files/MiKTeX 2.9/fonts/type1/pu
blic/amsfonts/cm/cmsy6.pfb><d:/Program Files/MiKTeX 2.9/fonts/type1/public/amsf
onts/cm/cmsy8.pfb><d:/Program Files/MiKTeX 2.9/fonts/type1/public/esint/esint10
.pfb><d:/Program Files/MiKTeX 2.9/fonts/type1/public/amsfonts/symbols/msam10.pf
b><d:/Program Files/MiKTeX 2.9/fonts/type1/public/amsfonts/symbols/msbm10.pfb>
Output written on Outline_V4.3.pdf (105 pages, 2401859 bytes).
PDF statistics:
 2872 PDF objects out of 2984 (max. 8388607)
 419 named destinations out of 1000 (max. 500000)
 754 words of extra memory for PDF output out of 10000 (max. 10000000)

